<?xml version="1.0" encoding="UTF-8"?>
<!-- Generated by org.testng.reporters.JUnitReportReporter -->
<testsuite hostname="DESKTOP-T6230QL" failures="0" tests="4" name="datadrivenTesting.PassData" time="10.481" errors="0" timestamp="2024-04-10T11:32:04 IST" skipped="0">
  <testcase classname="datadrivenTesting.PassData" name="bustest" time="2.113"/>
  <testcase classname="datadrivenTesting.PassData" name="bustest" time="4.374"/>
  <testcase classname="datadrivenTesting.PassData" name="bustest" time="1.718"/>
  <testcase classname="datadrivenTesting.PassData" name="bustest" time="2.276"/>
</testsuite> <!-- datadrivenTesting.PassData -->
